
Koristi se uređaj: cpu

--- Analiza Trening Skupa (Originalno) ---
Klasa 0 (Većinska): 459
Klasa 1 (Manjinska): 79
Koristi se faktor ponavljanja (minority_repeat_train): 1 (Optimalno: 6)
Izračunate težine klase (za CrossEntropyLoss, Klasa 0:Klasa 1): 0.59:3.41
Dataset inicijalizovan. Originalna veličina: 538. Efektivna veličina: 538.
Dataset inicijalizovan. Originalna veličina: 134. Efektivna veličina: 134.

TRENING SET (Efektivna veličina, oversampling): 538 uzoraka.
VALIDACIONI SET (Originalna veličina): 134 uzoraka.
Koristi se CrossEntropyLoss sa izračunatim težinama klase!

--- Pokretanje Supervised Treninga za EmbryoNet2 model EmbryoNet2_TrainFromScratch ---
Epoch [1/75] Loss: 0.6997 | T_Acc: 0.7416 | V_Acc: 0.8507 | V_F1: 0.0000
   --> Nema poboljšanja. Patience brojač: 1/10
Epoch [2/75] Loss: 0.5559 | T_Acc: 0.7955 | V_Acc: 0.8507 | V_F1: 0.0000
   --> Nema poboljšanja. Patience brojač: 2/10
Epoch [3/75] Loss: 0.5236 | T_Acc: 0.7732 | V_Acc: 0.8507 | V_F1: 0.0000
   --> Nema poboljšanja. Patience brojač: 3/10
Epoch [4/75] Loss: 0.5304 | T_Acc: 0.7751 | V_Acc: 0.7761 | V_F1: 0.5455
   --> Sačuvan najbolji model EmbryoNet2!
Epoch [5/75] Loss: 0.5638 | T_Acc: 0.7602 | V_Acc: 0.7761 | V_F1: 0.5455
   --> Nema poboljšanja. Patience brojač: 1/10
Epoch [6/75] Loss: 0.5453 | T_Acc: 0.7937 | V_Acc: 0.7761 | V_F1: 0.5455
   --> Nema poboljšanja. Patience brojač: 2/10
Epoch [7/75] Loss: 0.4989 | T_Acc: 0.8234 | V_Acc: 0.8507 | V_F1: 0.0000
   --> Nema poboljšanja. Patience brojač: 3/10
Epoch [8/75] Loss: 0.4856 | T_Acc: 0.8216 | V_Acc: 0.8433 | V_F1: 0.0000
   --> Nema poboljšanja. Patience brojač: 4/10
Epoch [9/75] Loss: 0.5188 | T_Acc: 0.7714 | V_Acc: 0.7761 | V_F1: 0.5455
   --> Nema poboljšanja. Patience brojač: 5/10
Epoch [10/75] Loss: 0.5168 | T_Acc: 0.7900 | V_Acc: 0.7761 | V_F1: 0.5455
   --> Nema poboljšanja. Patience brojač: 6/10
Epoch [11/75] Loss: 0.4838 | T_Acc: 0.8234 | V_Acc: 0.7761 | V_F1: 0.5455
   --> Nema poboljšanja. Patience brojač: 7/10
Epoch [12/75] Loss: 0.4725 | T_Acc: 0.8327 | V_Acc: 0.8507 | V_F1: 0.0000
   --> Nema poboljšanja. Patience brojač: 8/10
Epoch [13/75] Loss: 0.4717 | T_Acc: 0.8569 | V_Acc: 0.8881 | V_F1: 0.6809
   --> Sačuvan najbolji model EmbryoNet2!
Epoch [14/75] Loss: 0.4589 | T_Acc: 0.8327 | V_Acc: 0.7761 | V_F1: 0.5455
   --> Nema poboljšanja. Patience brojač: 1/10
Epoch [15/75] Loss: 0.4690 | T_Acc: 0.8587 | V_Acc: 0.7761 | V_F1: 0.5455
   --> Nema poboljšanja. Patience brojač: 2/10
Epoch [16/75] Loss: 0.4905 | T_Acc: 0.8532 | V_Acc: 0.7761 | V_F1: 0.5455
   --> Nema poboljšanja. Patience brojač: 3/10
Epoch [17/75] Loss: 0.4515 | T_Acc: 0.8494 | V_Acc: 0.8582 | V_F1: 0.2400
   --> Nema poboljšanja. Patience brojač: 4/10
Epoch [18/75] Loss: 0.4516 | T_Acc: 0.8717 | V_Acc: 0.7761 | V_F1: 0.5455
   --> Nema poboljšanja. Patience brojač: 5/10
Epoch [19/75] Loss: 0.4777 | T_Acc: 0.8327 | V_Acc: 0.7761 | V_F1: 0.5455
   --> Nema poboljšanja. Patience brojač: 6/10
Epoch [20/75] Loss: 0.4746 | T_Acc: 0.8048 | V_Acc: 0.7836 | V_F1: 0.5538
   --> Nema poboljšanja. Patience brojač: 7/10
Epoch [21/75] Loss: 0.4448 | T_Acc: 0.8625 | V_Acc: 0.7836 | V_F1: 0.5246
   --> Nema poboljšanja. Patience brojač: 8/10
Epoch [22/75] Loss: 0.4540 | T_Acc: 0.8494 | V_Acc: 0.7761 | V_F1: 0.5455
   --> Nema poboljšanja. Patience brojač: 9/10
Epoch [23/75] Loss: 0.4510 | T_Acc: 0.8606 | V_Acc: 0.7761 | V_F1: 0.5455
   --> Nema poboljšanja. Patience brojač: 10/10

! RANO ZAUSTAVLJANJE ! Validacioni F1 se nije poboljšao 10 epoha.

--- Supervised Trening završen. ---
Trening log sačuvan u: training/embryoNet/results/EmbryoNet2_TrainFromScratch_training_log.csv
Test done.
