Učitavanje težina iz: /home/ivanam/Seminar1/pretraining/ssl_checkpoints/mobilenet_v3_large_embryo_sslbs64_best.pth
Težine EfficientNet-B0 su uspešno učitane (sa preimenovanjem ključeva).
Klasifikacioni sloj MobileNetV3 je modifikovan na 2 izlaznih klasa.

--- Analiza Trening Skupa (Originalno) ---
Klasa 0 (Većinska): 459
Klasa 1 (Manjinska): 79
Koristi se faktor ponavljanja (minority_repeat_train): 5 (Optimalno: 6)
Izračunate težine klase (za CrossEntropyLoss, Klasa 0:Klasa 1): 0.59:3.41
Dataset inicijalizovan. Originalna veličina: 538. Efektivna veličina: 854.
Dataset inicijalizovan. Originalna veličina: 134. Efektivna veličina: 134.

TRENING SET (Efektivna veličina, oversampling): 854 uzoraka.
VALIDACIONI SET (Originalna veličina): 134 uzoraka.
Kriterijum (Loss): CrossEntropyLoss
Optimizator: SGD sa lr=0.0001
Scheduler: StepLR (smanjuje LR tokom treninga)

--- Pokretanje Supervised Finetuninga za model mobilenet_v3_large_ssl_finetuned ---
Epoch [1/75] Loss: 0.7039 | T_Acc: 0.5351 | V_Acc: 0.8507 | V_F1: 0.0000
   --> Nema poboljšanja. Patience brojač: 1/10
Epoch [2/75] Loss: 0.6892 | T_Acc: 0.4754 | V_Acc: 0.1493 | V_F1: 0.2597
   --> Sačuvan najbolji Finetuned model!
Epoch [3/75] Loss: 0.6726 | T_Acc: 0.4614 | V_Acc: 0.1493 | V_F1: 0.2597
   --> Nema poboljšanja. Patience brojač: 1/10
Epoch [4/75] Loss: 0.6617 | T_Acc: 0.4625 | V_Acc: 0.1493 | V_F1: 0.2597
   --> Nema poboljšanja. Patience brojač: 2/10
Epoch [5/75] Loss: 0.6436 | T_Acc: 0.4625 | V_Acc: 0.1493 | V_F1: 0.2597
   --> Nema poboljšanja. Patience brojač: 3/10
Epoch [6/75] Loss: 0.6377 | T_Acc: 0.4625 | V_Acc: 0.1493 | V_F1: 0.2597
   --> Nema poboljšanja. Patience brojač: 4/10
Epoch [7/75] Loss: 0.6258 | T_Acc: 0.4625 | V_Acc: 0.1493 | V_F1: 0.2597
   --> Nema poboljšanja. Patience brojač: 5/10
Epoch [8/75] Loss: 0.6217 | T_Acc: 0.4625 | V_Acc: 0.1493 | V_F1: 0.2597
   --> Nema poboljšanja. Patience brojač: 6/10
Epoch [9/75] Loss: 0.6208 | T_Acc: 0.4625 | V_Acc: 0.1493 | V_F1: 0.2597
   --> Nema poboljšanja. Patience brojač: 7/10
Epoch [10/75] Loss: 0.6233 | T_Acc: 0.4625 | V_Acc: 0.1493 | V_F1: 0.2597
   --> Nema poboljšanja. Patience brojač: 8/10
Epoch [11/75] Loss: 0.6215 | T_Acc: 0.4625 | V_Acc: 0.1493 | V_F1: 0.2597
   --> Nema poboljšanja. Patience brojač: 9/10
Epoch [12/75] Loss: 0.6173 | T_Acc: 0.4625 | V_Acc: 0.1493 | V_F1: 0.2597
   --> Nema poboljšanja. Patience brojač: 10/10

! RANO ZAUSTAVLJANJE ! Validacioni F1 se nije poboljšao 10 epoha.

--- Finetuning završen. ---
Trening log sačuvan u: training/mobileNet/results/mobilenet_v3_large_ssl_finetuned_training_log.csv
Test done.
