Učitavanje težina iz: /home/ivanam/Seminar1/pretraining/ssl_checkpoints/resnet18_embryo_sslbs128_best.pth
Težine EfficientNet-B0 su uspešno učitane (sa preimenovanjem ključeva).
Klasifikacioni sloj ResNet18 je modifikovan na 2 izlaznih klasa.

--- Analiza Trening Skupa (Originalno) ---
Klasa 0 (Većinska): 459
Klasa 1 (Manjinska): 79
Koristi se faktor ponavljanja (minority_repeat_train): 5 (Optimalno: 6)
Izračunate težine klase (za CrossEntropyLoss, Klasa 0:Klasa 1): 0.59:3.41
Dataset inicijalizovan. Originalna veličina: 538. Efektivna veličina: 854.
Dataset inicijalizovan. Originalna veličina: 134. Efektivna veličina: 134.

TRENING SET (Efektivna veličina, oversampling): 854 uzoraka.
VALIDACIONI SET (Originalna veličina): 134 uzoraka.
Kriterijum (Loss): CrossEntropyLoss
Optimizator: AdamW sa lr=0.0003
Scheduler: StepLR (smanjuje LR tokom treninga)

--- Pokretanje Supervised Finetuninga za model resnet18_ssl_finetuned ---
Epoch [1/1] Loss: 0.4577 | T_Acc: 0.4836 | V_Acc: 0.3134 | V_F1: 0.2923
   --> Sačuvan najbolji Finetuned model!

--- Finetuning završen. ---
Trening log sačuvan u: training/resNet/results/resnet18_ssl_finetuned_training_log.csv
Test done.
